{"total": {"lines":{"total":1728,"covered":1711,"skipped":0,"pct":99.01},"statements":{"total":1728,"covered":1711,"skipped":0,"pct":99.01},"functions":{"total":180,"covered":178,"skipped":0,"pct":98.88},"branches":{"total":486,"covered":466,"skipped":0,"pct":95.88},"branchesTrue":{"total":0,"covered":0,"skipped":0,"pct":100}}
,"/Users/nestor/Work/CMS/delivery-sdk/src/cache.ts": {"lines":{"total":35,"covered":35,"skipped":0,"pct":100},"functions":{"total":7,"covered":7,"skipped":0,"pct":100},"statements":{"total":35,"covered":35,"skipped":0,"pct":100},"branches":{"total":11,"covered":11,"skipped":0,"pct":100}}
,"/Users/nestor/Work/CMS/delivery-sdk/src/client.ts": {"lines":{"total":56,"covered":56,"skipped":0,"pct":100},"functions":{"total":4,"covered":4,"skipped":0,"pct":100},"statements":{"total":56,"covered":56,"skipped":0,"pct":100},"branches":{"total":12,"covered":12,"skipped":0,"pct":100}}
,"/Users/nestor/Work/CMS/delivery-sdk/src/errors.ts": {"lines":{"total":21,"covered":21,"skipped":0,"pct":100},"functions":{"total":5,"covered":5,"skipped":0,"pct":100},"statements":{"total":21,"covered":21,"skipped":0,"pct":100},"branches":{"total":5,"covered":5,"skipped":0,"pct":100}}
,"/Users/nestor/Work/CMS/delivery-sdk/src/http.ts": {"lines":{"total":149,"covered":149,"skipped":0,"pct":100},"functions":{"total":12,"covered":12,"skipped":0,"pct":100},"statements":{"total":149,"covered":149,"skipped":0,"pct":100},"branches":{"total":54,"covered":52,"skipped":0,"pct":96.29}}
,"/Users/nestor/Work/CMS/delivery-sdk/src/index.ts": {"lines":{"total":17,"covered":17,"skipped":0,"pct":100},"functions":{"total":0,"covered":0,"skipped":0,"pct":100},"statements":{"total":17,"covered":17,"skipped":0,"pct":100},"branches":{"total":0,"covered":0,"skipped":0,"pct":100}}
,"/Users/nestor/Work/CMS/delivery-sdk/src/paths.ts": {"lines":{"total":11,"covered":11,"skipped":0,"pct":100},"functions":{"total":3,"covered":3,"skipped":0,"pct":100},"statements":{"total":11,"covered":11,"skipped":0,"pct":100},"branches":{"total":6,"covered":6,"skipped":0,"pct":100}}
,"/Users/nestor/Work/CMS/delivery-sdk/src/query-builder.ts": {"lines":{"total":61,"covered":61,"skipped":0,"pct":100},"functions":{"total":12,"covered":12,"skipped":0,"pct":100},"statements":{"total":61,"covered":61,"skipped":0,"pct":100},"branches":{"total":16,"covered":16,"skipped":0,"pct":100}}
,"/Users/nestor/Work/CMS/delivery-sdk/src/utils.ts": {"lines":{"total":66,"covered":66,"skipped":0,"pct":100},"functions":{"total":8,"covered":8,"skipped":0,"pct":100},"statements":{"total":66,"covered":66,"skipped":0,"pct":100},"branches":{"total":38,"covered":38,"skipped":0,"pct":100}}
,"/Users/nestor/Work/CMS/delivery-sdk/src/cli/codegen.ts": {"lines":{"total":127,"covered":125,"skipped":0,"pct":98.42},"functions":{"total":7,"covered":7,"skipped":0,"pct":100},"statements":{"total":127,"covered":125,"skipped":0,"pct":98.42},"branches":{"total":47,"covered":41,"skipped":0,"pct":87.23}}
,"/Users/nestor/Work/CMS/delivery-sdk/src/cli/config.ts": {"lines":{"total":229,"covered":225,"skipped":0,"pct":98.25},"functions":{"total":14,"covered":13,"skipped":0,"pct":92.85},"statements":{"total":229,"covered":225,"skipped":0,"pct":98.25},"branches":{"total":79,"covered":73,"skipped":0,"pct":92.4}}
,"/Users/nestor/Work/CMS/delivery-sdk/src/cli/emitter.ts": {"lines":{"total":270,"covered":259,"skipped":0,"pct":95.92},"functions":{"total":15,"covered":14,"skipped":0,"pct":93.33},"statements":{"total":270,"covered":259,"skipped":0,"pct":95.92},"branches":{"total":75,"covered":69,"skipped":0,"pct":92}}
,"/Users/nestor/Work/CMS/delivery-sdk/src/cli/templates.ts": {"lines":{"total":15,"covered":15,"skipped":0,"pct":100},"functions":{"total":3,"covered":3,"skipped":0,"pct":100},"statements":{"total":15,"covered":15,"skipped":0,"pct":100},"branches":{"total":8,"covered":8,"skipped":0,"pct":100}}
,"/Users/nestor/Work/CMS/delivery-sdk/src/cli/type-mapper.ts": {"lines":{"total":35,"covered":35,"skipped":0,"pct":100},"functions":{"total":4,"covered":4,"skipped":0,"pct":100},"statements":{"total":35,"covered":35,"skipped":0,"pct":100},"branches":{"total":15,"covered":15,"skipped":0,"pct":100}}
,"/Users/nestor/Work/CMS/delivery-sdk/src/resources/collection-fields.ts": {"lines":{"total":43,"covered":43,"skipped":0,"pct":100},"functions":{"total":7,"covered":7,"skipped":0,"pct":100},"statements":{"total":43,"covered":43,"skipped":0,"pct":100},"branches":{"total":7,"covered":7,"skipped":0,"pct":100}}
,"/Users/nestor/Work/CMS/delivery-sdk/src/resources/collection-sections.ts": {"lines":{"total":42,"covered":42,"skipped":0,"pct":100},"functions":{"total":7,"covered":7,"skipped":0,"pct":100},"statements":{"total":42,"covered":42,"skipped":0,"pct":100},"branches":{"total":7,"covered":7,"skipped":0,"pct":100}}
,"/Users/nestor/Work/CMS/delivery-sdk/src/resources/collections.ts": {"lines":{"total":53,"covered":53,"skipped":0,"pct":100},"functions":{"total":7,"covered":7,"skipped":0,"pct":100},"statements":{"total":53,"covered":53,"skipped":0,"pct":100},"branches":{"total":11,"covered":11,"skipped":0,"pct":100}}
,"/Users/nestor/Work/CMS/delivery-sdk/src/resources/document-fields.ts": {"lines":{"total":49,"covered":49,"skipped":0,"pct":100},"functions":{"total":8,"covered":8,"skipped":0,"pct":100},"statements":{"total":49,"covered":49,"skipped":0,"pct":100},"branches":{"total":8,"covered":8,"skipped":0,"pct":100}}
,"/Users/nestor/Work/CMS/delivery-sdk/src/resources/document-sections.ts": {"lines":{"total":42,"covered":42,"skipped":0,"pct":100},"functions":{"total":7,"covered":7,"skipped":0,"pct":100},"statements":{"total":42,"covered":42,"skipped":0,"pct":100},"branches":{"total":7,"covered":7,"skipped":0,"pct":100}}
,"/Users/nestor/Work/CMS/delivery-sdk/src/resources/document-seo.ts": {"lines":{"total":25,"covered":25,"skipped":0,"pct":100},"functions":{"total":4,"covered":4,"skipped":0,"pct":100},"statements":{"total":25,"covered":25,"skipped":0,"pct":100},"branches":{"total":4,"covered":4,"skipped":0,"pct":100}}
,"/Users/nestor/Work/CMS/delivery-sdk/src/resources/document-values.ts": {"lines":{"total":27,"covered":27,"skipped":0,"pct":100},"functions":{"total":4,"covered":4,"skipped":0,"pct":100},"statements":{"total":27,"covered":27,"skipped":0,"pct":100},"branches":{"total":4,"covered":4,"skipped":0,"pct":100}}
,"/Users/nestor/Work/CMS/delivery-sdk/src/resources/documents.ts": {"lines":{"total":86,"covered":86,"skipped":0,"pct":100},"functions":{"total":9,"covered":9,"skipped":0,"pct":100},"statements":{"total":86,"covered":86,"skipped":0,"pct":100},"branches":{"total":9,"covered":9,"skipped":0,"pct":100}}
,"/Users/nestor/Work/CMS/delivery-sdk/src/resources/item-seo.ts": {"lines":{"total":25,"covered":25,"skipped":0,"pct":100},"functions":{"total":4,"covered":4,"skipped":0,"pct":100},"statements":{"total":25,"covered":25,"skipped":0,"pct":100},"branches":{"total":4,"covered":4,"skipped":0,"pct":100}}
,"/Users/nestor/Work/CMS/delivery-sdk/src/resources/items.ts": {"lines":{"total":104,"covered":104,"skipped":0,"pct":100},"functions":{"total":10,"covered":10,"skipped":0,"pct":100},"statements":{"total":104,"covered":104,"skipped":0,"pct":100},"branches":{"total":10,"covered":10,"skipped":0,"pct":100}}
,"/Users/nestor/Work/CMS/delivery-sdk/src/resources/media.ts": {"lines":{"total":113,"covered":113,"skipped":0,"pct":100},"functions":{"total":14,"covered":14,"skipped":0,"pct":100},"statements":{"total":113,"covered":113,"skipped":0,"pct":100},"branches":{"total":38,"covered":38,"skipped":0,"pct":100}}
,"/Users/nestor/Work/CMS/delivery-sdk/src/resources/resource-helpers.ts": {"lines":{"total":17,"covered":17,"skipped":0,"pct":100},"functions":{"total":2,"covered":2,"skipped":0,"pct":100},"statements":{"total":17,"covered":17,"skipped":0,"pct":100},"branches":{"total":8,"covered":8,"skipped":0,"pct":100}}
,"/Users/nestor/Work/CMS/delivery-sdk/src/resources/site.ts": {"lines":{"total":10,"covered":10,"skipped":0,"pct":100},"functions":{"total":3,"covered":3,"skipped":0,"pct":100},"statements":{"total":10,"covered":10,"skipped":0,"pct":100},"branches":{"total":3,"covered":3,"skipped":0,"pct":100}}
}
